app/build/intermediates/manifest_merge_blame_file/debug/manifest-merger-blame-debug-report.txt
1<?xml version="1.0" encoding="utf-8"?>
2<manifest xmlns:android="http://schemas.android.com/apk/res/android"
3    package="net.micode.notes"
4    android:versionCode="1"
5    android:versionName="1.0" >
6
7    <uses-sdk
7-->src\main\AndroidManifest.xml:8:5-44
8        android:minSdkVersion="16"
8-->src\main\AndroidManifest.xml:8:15-41
9        android:targetSdkVersion="20" />
9-->src\main\AndroidManifest.xml:8:5-44
10
11    <uses-permission android:name="android.permission.WRITE_EXTERNAL_STORAGE" />
11-->src\main\AndroidManifest.xml:10:5-81
11-->src\main\AndroidManifest.xml:10:22-78
12    <uses-permission android:name="com.android.launcher.permission.INSTALL_SHORTCUT" />
12-->src\main\AndroidManifest.xml:11:5-88
12-->src\main\AndroidManifest.xml:11:22-85
13    <uses-permission android:name="android.permission.INTERNET" />
13-->src\main\AndroidManifest.xml:12:5-67
13-->src\main\AndroidManifest.xml:12:22-64
14    <uses-permission android:name="android.permission.READ_CONTACTS" />
14-->src\main\AndroidManifest.xml:13:5-72
14-->src\main\AndroidManifest.xml:13:22-69
15    <uses-permission android:name="android.permission.MANAGE_ACCOUNTS" />
15-->src\main\AndroidManifest.xml:14:5-74
15-->src\main\AndroidManifest.xml:14:22-71
16    <uses-permission android:name="android.permission.AUTHENTICATE_ACCOUNTS" />
16-->src\main\AndroidManifest.xml:15:5-80
16-->src\main\AndroidManifest.xml:15:22-77
17    <uses-permission android:name="android.permission.GET_ACCOUNTS" />
17-->src\main\AndroidManifest.xml:16:5-71
17-->src\main\AndroidManifest.xml:16:22-68
18    <uses-permission android:name="android.permission.USE_CREDENTIALS" />
18-->src\main\AndroidManifest.xml:17:5-74
18-->src\main\AndroidManifest.xml:17:22-71
19    <uses-permission android:name="android.permission.RECEIVE_BOOT_COMPLETED" />
19-->src\main\AndroidManifest.xml:18:5-81
19-->src\main\AndroidManifest.xml:18:22-78
20
21    <application
21-->src\main\AndroidManifest.xml:20:5-135:19
22        android:appComponentFactory="android.support.v4.app.CoreComponentFactory"
22-->[com.android.support:support-compat:28.0.0] AndroidManifest.xml:22:18-91
23        android:debuggable="true"
24        android:icon="@drawable/icon_app"
24-->src\main\AndroidManifest.xml:21:9-42
25        android:label="@string/app_name"
25-->src\main\AndroidManifest.xml:22:9-41
26        android:testOnly="true" >
27        <activity
27-->src\main\AndroidManifest.xml:24:9-33:20
28            android:name="net.micode.notes.ui.SplashActivity"
28-->src\main\AndroidManifest.xml:25:13-46
29            android:configChanges="orientation|keyboardHidden|screenSize"
29-->src\main\AndroidManifest.xml:26:13-74
30            android:theme="@style/Theme.Notes1.Fullscreen" >
30-->src\main\AndroidManifest.xml:27:13-59
31            <intent-filter>
31-->src\main\AndroidManifest.xml:28:13-32:29
32                <action android:name="android.intent.action.MAIN" />
32-->src\main\AndroidManifest.xml:29:17-69
32-->src\main\AndroidManifest.xml:29:25-66
33
34                <category android:name="android.intent.category.LAUNCHER" />
34-->src\main\AndroidManifest.xml:31:17-77
34-->src\main\AndroidManifest.xml:31:27-74
35            </intent-filter>
36        </activity>
37        <activity
37-->src\main\AndroidManifest.xml:34:9-41:64
38            android:name="net.micode.notes.ui.NotesListActivity"
38-->src\main\AndroidManifest.xml:35:13-49
39            android:configChanges="keyboardHidden|orientation|screenSize"
39-->src\main\AndroidManifest.xml:36:13-74
40            android:label="@string/app_name"
40-->src\main\AndroidManifest.xml:37:13-45
41            android:launchMode="singleTop"
41-->src\main\AndroidManifest.xml:38:13-43
42            android:theme="@style/Theme.AppCompat.Light.DarkActionBar"
42-->src\main\AndroidManifest.xml:39:13-71
43            android:uiOptions="splitActionBarWhenNarrow"
43-->src\main\AndroidManifest.xml:40:13-57
44            android:windowSoftInputMode="adjustPan" />
44-->src\main\AndroidManifest.xml:41:13-52
45        <activity
45-->src\main\AndroidManifest.xml:42:9-75:20
46            android:name="net.micode.notes.ui.NoteEditActivity"
46-->src\main\AndroidManifest.xml:43:13-48
47            android:configChanges="keyboardHidden|orientation|screenSize"
47-->src\main\AndroidManifest.xml:44:13-74
48            android:launchMode="singleTop"
48-->src\main\AndroidManifest.xml:45:13-43
49            android:theme="@style/Theme.AppCompat.Light.DarkActionBar" >
49-->src\main\AndroidManifest.xml:46:13-71
50
51            <!-- android:theme="@style/NoteTheme" -->
52
53            <intent-filter>
53-->src\main\AndroidManifest.xml:50:13-57:29
54                <action android:name="android.intent.action.VIEW" />
54-->src\main\AndroidManifest.xml:51:17-69
54-->src\main\AndroidManifest.xml:51:25-66
55
56                <category android:name="android.intent.category.DEFAULT" />
56-->src\main\AndroidManifest.xml:53:17-76
56-->src\main\AndroidManifest.xml:53:27-73
57
58                <data android:mimeType="vnd.android.cursor.item/text_note" />
58-->src\main\AndroidManifest.xml:55:17-78
58-->src\main\AndroidManifest.xml:55:23-75
59                <data android:mimeType="vnd.android.cursor.item/call_note" />
59-->src\main\AndroidManifest.xml:55:17-78
59-->src\main\AndroidManifest.xml:55:23-75
60            </intent-filter>
61            <intent-filter>
61-->src\main\AndroidManifest.xml:58:13-65:29
62                <action android:name="android.intent.action.INSERT_OR_EDIT" />
62-->src\main\AndroidManifest.xml:59:17-79
62-->src\main\AndroidManifest.xml:59:25-76
63
64                <category android:name="android.intent.category.DEFAULT" />
64-->src\main\AndroidManifest.xml:53:17-76
64-->src\main\AndroidManifest.xml:53:27-73
65
66                <data android:mimeType="vnd.android.cursor.item/text_note" />
66-->src\main\AndroidManifest.xml:55:17-78
66-->src\main\AndroidManifest.xml:55:23-75
67                <data android:mimeType="vnd.android.cursor.item/call_note" />
67-->src\main\AndroidManifest.xml:55:17-78
67-->src\main\AndroidManifest.xml:55:23-75
68            </intent-filter>
69            <intent-filter>
69-->src\main\AndroidManifest.xml:66:13-70:29
70                <action android:name="android.intent.action.SEARCH" />
70-->src\main\AndroidManifest.xml:67:17-71
70-->src\main\AndroidManifest.xml:67:25-68
71
72                <category android:name="android.intent.category.DEFAULT" />
72-->src\main\AndroidManifest.xml:53:17-76
72-->src\main\AndroidManifest.xml:53:27-73
73            </intent-filter>
74
75            <meta-data
75-->src\main\AndroidManifest.xml:72:13-74:54
76                android:name="android.app.searchable"
76-->src\main\AndroidManifest.xml:73:17-54
77                android:resource="@xml/searchable" />
77-->src\main\AndroidManifest.xml:74:17-51
78        </activity>
79
80        <provider
80-->src\main\AndroidManifest.xml:77:9-80:43
81            android:name="net.micode.notes.data.NotesProvider"
81-->src\main\AndroidManifest.xml:78:13-47
82            android:authorities="micode_notes"
82-->src\main\AndroidManifest.xml:79:13-47
83            android:multiprocess="true" />
83-->src\main\AndroidManifest.xml:80:13-40
84
85        <receiver
85-->src\main\AndroidManifest.xml:82:9-94:20
86            android:name="net.micode.notes.widget.NoteWidgetProvider_2x"
86-->src\main\AndroidManifest.xml:83:13-57
87            android:label="@string/app_widget2x2" >
87-->src\main\AndroidManifest.xml:84:13-50
88            <intent-filter>
88-->src\main\AndroidManifest.xml:85:13-89:29
89                <action android:name="android.appwidget.action.APPWIDGET_UPDATE" />
89-->src\main\AndroidManifest.xml:86:17-84
89-->src\main\AndroidManifest.xml:86:25-81
90                <action android:name="android.appwidget.action.APPWIDGET_DELETED" />
90-->src\main\AndroidManifest.xml:87:17-85
90-->src\main\AndroidManifest.xml:87:25-82
91                <action android:name="android.intent.action.PRIVACY_MODE_CHANGED" />
91-->src\main\AndroidManifest.xml:88:17-85
91-->src\main\AndroidManifest.xml:88:25-82
92            </intent-filter>
93
94            <meta-data
94-->src\main\AndroidManifest.xml:91:13-93:58
95                android:name="android.appwidget.provider"
95-->src\main\AndroidManifest.xml:92:17-58
96                android:resource="@xml/widget_2x_info" />
96-->src\main\AndroidManifest.xml:93:17-55
97        </receiver>
98        <receiver
98-->src\main\AndroidManifest.xml:95:9-107:20
99            android:name="net.micode.notes.widget.NoteWidgetProvider_4x"
99-->src\main\AndroidManifest.xml:96:13-57
100            android:label="@string/app_widget4x4" >
100-->src\main\AndroidManifest.xml:97:13-50
101            <intent-filter>
101-->src\main\AndroidManifest.xml:85:13-89:29
102                <action android:name="android.appwidget.action.APPWIDGET_UPDATE" />
102-->src\main\AndroidManifest.xml:86:17-84
102-->src\main\AndroidManifest.xml:86:25-81
103                <action android:name="android.appwidget.action.APPWIDGET_DELETED" />
103-->src\main\AndroidManifest.xml:87:17-85
103-->src\main\AndroidManifest.xml:87:25-82
104                <action android:name="android.intent.action.PRIVACY_MODE_CHANGED" />
104-->src\main\AndroidManifest.xml:88:17-85
104-->src\main\AndroidManifest.xml:88:25-82
105            </intent-filter>
106
107            <meta-data
107-->src\main\AndroidManifest.xml:91:13-93:58
108                android:name="android.appwidget.provider"
108-->src\main\AndroidManifest.xml:92:17-58
109                android:resource="@xml/widget_4x_info" />
109-->src\main\AndroidManifest.xml:93:17-55
110        </receiver>
111        <receiver android:name="net.micode.notes.ui.AlarmInitReceiver" >
111-->src\main\AndroidManifest.xml:108:9-112:20
111-->src\main\AndroidManifest.xml:108:19-55
112            <intent-filter>
112-->src\main\AndroidManifest.xml:109:13-111:29
113                <action android:name="android.intent.action.BOOT_COMPLETED" />
113-->src\main\AndroidManifest.xml:110:17-79
113-->src\main\AndroidManifest.xml:110:25-76
114            </intent-filter>
115        </receiver>
116        <receiver
116-->src\main\AndroidManifest.xml:113:9-115:50
117            android:name="net.micode.notes.ui.AlarmReceiver"
117-->src\main\AndroidManifest.xml:114:13-45
118            android:process=":remote" />
118-->src\main\AndroidManifest.xml:115:13-38
119
120        <activity
120-->src\main\AndroidManifest.xml:117:9-121:87
121            android:name="net.micode.notes.ui.AlarmAlertActivity"
121-->src\main\AndroidManifest.xml:118:13-50
122            android:label="@string/app_name"
122-->src\main\AndroidManifest.xml:119:13-45
123            android:launchMode="singleInstance"
123-->src\main\AndroidManifest.xml:120:13-48
124            android:theme="@android:style/Theme.Holo.Wallpaper.NoTitleBar" />
124-->src\main\AndroidManifest.xml:121:13-75
125        <activity
125-->src\main\AndroidManifest.xml:122:9-126:72
126            android:name="net.micode.notes.ui.NotesPreferenceActivity"
126-->src\main\AndroidManifest.xml:123:13-55
127            android:label="@string/preferences_title"
127-->src\main\AndroidManifest.xml:124:13-54
128            android:launchMode="singleTop"
128-->src\main\AndroidManifest.xml:125:13-43
129            android:theme="@android:style/Theme.Holo.Light" />
129-->src\main\AndroidManifest.xml:126:13-60
130
131        <service
131-->src\main\AndroidManifest.xml:128:9-130:48
132            android:name="net.micode.notes.gtask.remote.GTaskSyncService"
132-->src\main\AndroidManifest.xml:129:13-58
133            android:exported="false" />
133-->src\main\AndroidManifest.xml:130:13-37
134
135        <meta-data
135-->src\main\AndroidManifest.xml:132:9-134:52
136            android:name="android.app.default_searchable"
136-->src\main\AndroidManifest.xml:133:13-58
137            android:value=".ui.NoteEditActivity" />
137-->src\main\AndroidManifest.xml:134:13-49
138    </application>
139
140</manifest>